[31/Dec/2019:00:15:04 +0300] 192.168.1.7 "GET /v1/categories HTTP/1.1" 500 (190 ms)
[31/Dec/2019:00:15:04 +0300] 192.168.1.7 "GET /favicon.ico HTTP/1.1" 404 (33 ms)
[31/Dec/2019:00:15:14 +0300] 192.168.1.7 "GET /v1/hystrix.html HTTP/1.1" 404 (21 ms)
[31/Dec/2019:00:15:19 +0300] 192.168.1.7 "GET /hystrix.html HTTP/1.1" 404 (24 ms)
[31/Dec/2019:00:17:13 +0300] 192.168.1.7 "GET /hystrix-%D8%B9%D9%87.html HTTP/1.1" 404 (21 ms)
[31/Dec/2019:00:17:16 +0300] 192.168.1.7 "GET /hystrix-ui.html HTTP/1.1" 404 (15 ms)
[31/Dec/2019:00:24:50 +0300] 192.168.1.7 "POST /v1/accounts/register HTTP/1.1" 200 (553 ms)
[31/Dec/2019:00:25:27 +0300] 192.168.1.7 "POST /v1/accounts/register HTTP/1.1" 400 (21 ms)
[31/Dec/2019:00:26:03 +0300] 192.168.1.7 "POST /v1/accounts/register HTTP/1.1" 400 (26 ms)
[31/Dec/2019:13:21:51 +0300] 0:0:0:0:0:0:0:1 "-" 400 (22 ms)
[31/Dec/2019:13:22:08 +0300] 0:0:0:0:0:0:0:1 "POST /v1/accounts/login HTTP/1.1" 500 (260 ms)
[31/Dec/2019:13:22:37 +0300] 0:0:0:0:0:0:0:1 "POST /v1/accounts/login HTTP/1.1" 500 (8 ms)
[31/Dec/2019:13:25:46 +0300] 0:0:0:0:0:0:0:1 "POST /v1/accounts/register HTTP/1.1" 200 (1163 ms)
[31/Dec/2019:13:26:16 +0300] 0:0:0:0:0:0:0:1 "GET /v1/accounts/1 HTTP/1.1" 200 (34 ms)
[31/Dec/2019:13:26:49 +0300] 0:0:0:0:0:0:0:1 "GET /v1/accounts HTTP/1.1" 405 (6 ms)
[31/Dec/2019:13:26:54 +0300] 0:0:0:0:0:0:0:1 "GET /v1/accounts/all HTTP/1.1" 200 (54 ms)
[31/Dec/2019:13:27:21 +0300] 0:0:0:0:0:0:0:1 "POST /v1/accounts/login HTTP/1.1" 500 (10 ms)
[31/Dec/2019:13:27:28 +0300] 0:0:0:0:0:0:0:1 "POST /v1/accounts/login HTTP/1.1" 200 (10 ms)
[31/Dec/2019:13:28:29 +0300] 0:0:0:0:0:0:0:1 "POST /v1/accounts/validate HTTP/1.1" 400 (42 ms)
[31/Dec/2019:13:29:19 +0300] 0:0:0:0:0:0:0:1 "GET / HTTP/1.1" 200 (32 ms)
[31/Dec/2019:13:31:18 +0300] 0:0:0:0:0:0:0:1 "GET /v1/categories HTTP/1.1" 500 (37 ms)
[31/Dec/2019:13:32:31 +0300] 0:0:0:0:0:0:0:1 "GET /v1/categories HTTP/1.1" 200 (233 ms)
[31/Dec/2019:13:32:45 +0300] 0:0:0:0:0:0:0:1 "POST /v1/categories HTTP/1.1" 201 (118 ms)
[31/Dec/2019:13:33:17 +0300] 0:0:0:0:0:0:0:1 "GET /v1/categories HTTP/1.1" 200 (21 ms)
[31/Dec/2019:13:33:39 +0300] 0:0:0:0:0:0:0:1 "GET /v1/categories HTTP/1.1" 200 (18 ms)
[31/Dec/2019:13:33:59 +0300] 0:0:0:0:0:0:0:1 "GET /v1/categories/40 HTTP/1.1" 200 (12 ms)
[31/Dec/2019:13:36:52 +0300] 0:0:0:0:0:0:0:1 "POST /v1/routs HTTP/1.1" 500 (50 ms)
[31/Dec/2019:13:37:49 +0300] 0:0:0:0:0:0:0:1 "POST /v1/routs HTTP/1.1" 404 (31 ms)
[31/Dec/2019:13:38:37 +0300] 0:0:0:0:0:0:0:1 "POST /v1/routs HTTP/1.1" 201 (265 ms)
[31/Dec/2019:13:39:01 +0300] 0:0:0:0:0:0:0:1 "GET /v1/routs HTTP/1.1" 400 (33 ms)
[31/Dec/2019:13:39:13 +0300] 0:0:0:0:0:0:0:1 "GET /v1/routs/all HTTP/1.1" 200 (31 ms)
[31/Dec/2019:13:39:39 +0300] 0:0:0:0:0:0:0:1 "GET /v1/routs?type=popular HTTP/1.1" 200 (9 ms)
[31/Dec/2019:13:40:13 +0300] 0:0:0:0:0:0:0:1 "GET /v1/routs/40 HTTP/1.1" 404 (40 ms)
[31/Dec/2019:13:40:19 +0300] 0:0:0:0:0:0:0:1 "GET /v1/routs/all HTTP/1.1" 200 (8 ms)
[31/Dec/2019:13:40:27 +0300] 0:0:0:0:0:0:0:1 "GET /v1/routs/41 HTTP/1.1" 200 (7 ms)
[31/Dec/2019:13:41:29 +0300] 0:0:0:0:0:0:0:1 "POST /v1/collections HTTP/1.1" 400 (5 ms)
[31/Dec/2019:13:42:29 +0300] 0:0:0:0:0:0:0:1 "POST /v1/collections HTTP/1.1" 201 (56 ms)
[31/Dec/2019:13:42:32 +0300] 0:0:0:0:0:0:0:1 "POST /v1/collections HTTP/1.1" 201 (18 ms)
[31/Dec/2019:13:43:03 +0300] 0:0:0:0:0:0:0:1 "POST /v1/collections HTTP/1.1" 201 (262 ms)
[31/Dec/2019:13:43:05 +0300] 0:0:0:0:0:0:0:1 "POST /v1/collections HTTP/1.1" 201 (18 ms)
[31/Dec/2019:13:43:21 +0300] 0:0:0:0:0:0:0:1 "POST /v1/collections HTTP/1.1" 201 (12 ms)
[31/Dec/2019:13:43:24 +0300] 0:0:0:0:0:0:0:1 "POST /v1/collections HTTP/1.1" 201 (11 ms)
[31/Dec/2019:13:43:25 +0300] 0:0:0:0:0:0:0:1 "POST /v1/collections HTTP/1.1" 201 (14 ms)
[31/Dec/2019:13:43:42 +0300] 0:0:0:0:0:0:0:1 "POST /v1/collections HTTP/1.1" 201 (21 ms)
[31/Dec/2019:13:43:54 +0300] 0:0:0:0:0:0:0:1 "GET /v1/collections/49 HTTP/1.1" 200 (32 ms)
[31/Dec/2019:13:44:11 +0300] 0:0:0:0:0:0:0:1 "GET /v1/collections HTTP/1.1" 400 (23 ms)
[31/Dec/2019:13:44:18 +0300] 0:0:0:0:0:0:0:1 "GET /v1/collections/all HTTP/1.1" 500 (40 ms)
[31/Dec/2019:13:44:56 +0300] 0:0:0:0:0:0:0:1 "GET /v1/collections/all HTTP/1.1" 500 (221 ms)
[31/Dec/2019:13:45:34 +0300] 0:0:0:0:0:0:0:1 "GET /v1/collections/all HTTP/1.1" 500 (19 ms)
[31/Dec/2019:13:45:35 +0300] 0:0:0:0:0:0:0:1 "GET /v1/collections/all HTTP/1.1" 500 (25 ms)
[31/Dec/2019:13:46:39 +0300] 0:0:0:0:0:0:0:1 "GET /v1/collections/all HTTP/1.1" 500 (211 ms)
[31/Dec/2019:13:46:42 +0300] 0:0:0:0:0:0:0:1 "GET /v1/collections/all HTTP/1.1" 500 (19 ms)
[31/Dec/2019:13:48:24 +0300] 0:0:0:0:0:0:0:1 "POST /v1/collections HTTP/1.1" 500 (277 ms)
[31/Dec/2019:13:50:14 +0300] 0:0:0:0:0:0:0:1 "POST /v1/collections HTTP/1.1" 201 (247 ms)
[31/Dec/2019:13:50:27 +0300] 0:0:0:0:0:0:0:1 "POST /v1/collections HTTP/1.1" 201 (212 ms)
[31/Dec/2019:13:50:45 +0300] 0:0:0:0:0:0:0:1 "POST /v1/collections HTTP/1.1" 201 (10 ms)
[31/Dec/2019:13:50:46 +0300] 0:0:0:0:0:0:0:1 "POST /v1/collections HTTP/1.1" 201 (9 ms)
[31/Dec/2019:13:50:47 +0300] 0:0:0:0:0:0:0:1 "POST /v1/collections HTTP/1.1" 201 (11 ms)
[31/Dec/2019:13:50:54 +0300] 0:0:0:0:0:0:0:1 "POST /v1/collections HTTP/1.1" 201 (9 ms)
[31/Dec/2019:13:50:55 +0300] 0:0:0:0:0:0:0:1 "POST /v1/collections HTTP/1.1" 201 (9 ms)
[31/Dec/2019:13:50:55 +0300] 0:0:0:0:0:0:0:1 "POST /v1/collections HTTP/1.1" 201 (12 ms)
[31/Dec/2019:13:51:02 +0300] 0:0:0:0:0:0:0:1 "GET /v1/collections/all HTTP/1.1" 200 (26 ms)
[31/Dec/2019:13:51:39 +0300] 0:0:0:0:0:0:0:1 "GET /v1/collections?promoted=true HTTP/1.1" 200 (12 ms)
[31/Dec/2019:13:55:51 +0300] 0:0:0:0:0:0:0:1 "POST /v1/places HTTP/1.1" 400 (107 ms)
[31/Dec/2019:13:56:24 +0300] 0:0:0:0:0:0:0:1 "POST /v1/places HTTP/1.1" 201 (217 ms)
[31/Dec/2019:13:57:10 +0300] 0:0:0:0:0:0:0:1 "GET /v1/places/all HTTP/1.1" 400 (13 ms)
[31/Dec/2019:13:57:19 +0300] 0:0:0:0:0:0:0:1 "GET /v1/places HTTP/1.1" 200 (44 ms)
[31/Dec/2019:13:57:25 +0300] 0:0:0:0:0:0:0:1 "POST /v1/places HTTP/1.1" 201 (29 ms)
[31/Dec/2019:13:57:26 +0300] 0:0:0:0:0:0:0:1 "POST /v1/places HTTP/1.1" 201 (21 ms)
[31/Dec/2019:13:57:29 +0300] 0:0:0:0:0:0:0:1 "GET /v1/places HTTP/1.1" 200 (20 ms)
[31/Dec/2019:14:00:28 +0300] 0:0:0:0:0:0:0:1 "POST /v1/places HTTP/1.1" 201 (291 ms)
[31/Dec/2019:14:00:33 +0300] 0:0:0:0:0:0:0:1 "POST /v1/places HTTP/1.1" 201 (22 ms)
[31/Dec/2019:14:01:07 +0300] 0:0:0:0:0:0:0:1 "GET /v1/places/2 HTTP/1.1" 500 (17 ms)
[31/Dec/2019:14:02:08 +0300] 0:0:0:0:0:0:0:1 "GET /v1/places/2 HTTP/1.1" 500 (80 ms)
[31/Dec/2019:14:02:13 +0300] 0:0:0:0:0:0:0:1 "GET /v1/places/1 HTTP/1.1" 500 (6 ms)
[31/Dec/2019:14:03:07 +0300] 0:0:0:0:0:0:0:1 "GET /v1/places/1 HTTP/1.1" 500 (89 ms)
[31/Dec/2019:14:04:12 +0300] 0:0:0:0:0:0:0:1 "GET /v1/places/1 HTTP/1.1" 500 (83 ms)
[31/Dec/2019:14:06:25 +0300] 0:0:0:0:0:0:0:1 "GET /v1/places?categoryId=1 HTTP/1.1" 200 (270 ms)
[31/Dec/2019:14:06:31 +0300] 0:0:0:0:0:0:0:1 "GET /v1/places?categoryId=2 HTTP/1.1" 200 (17 ms)
[31/Dec/2019:14:06:39 +0300] 0:0:0:0:0:0:0:1 "GET /v1/places?categoryId=1 HTTP/1.1" 200 (13 ms)
[31/Dec/2019:14:06:44 +0300] 0:0:0:0:0:0:0:1 "GET /v1/places/all HTTP/1.1" 200 (48 ms)
[31/Dec/2019:14:07:05 +0300] 0:0:0:0:0:0:0:1 "GET /v1/places/1 HTTP/1.1" 404 (38 ms)
[31/Dec/2019:14:07:12 +0300] 0:0:0:0:0:0:0:1 "GET /v1/places?categoryId=1 HTTP/1.1" 200 (30 ms)
[31/Dec/2019:14:07:18 +0300] 0:0:0:0:0:0:0:1 "GET /v1/places/59 HTTP/1.1" 200 (11 ms)
[31/Dec/2019:14:09:46 +0300] 0:0:0:0:0:0:0:1 "POST /v1/cities HTTP/1.1" 201 (73 ms)
[31/Dec/2019:14:10:16 +0300] 0:0:0:0:0:0:0:1 "GET /v1/cities HTTP/1.1" 200 (7 ms)
[31/Dec/2019:14:12:14 +0300] 0:0:0:0:0:0:0:1 "GET /v1/cities?cityId=1 HTTP/1.1" 200 (7 ms)
[31/Dec/2019:14:12:32 +0300] 0:0:0:0:0:0:0:1 "GET /v1/cities?cityId=2 HTTP/1.1" 200 (6 ms)
[31/Dec/2019:14:12:36 +0300] 0:0:0:0:0:0:0:1 "GET /v1/cities?cityId=3 HTTP/1.1" 200 (9 ms)
[31/Dec/2019:14:12:53 +0300] 0:0:0:0:0:0:0:1 "GET /v1/cities?cityI=3 HTTP/1.1" 200 (6 ms)
